Temp/gradleOut/launcher/build/intermediates/manifest_merge_blame_file/release/manifest-merger-blame-release-report.txt
1<?xml version="1.0" encoding="utf-8"?>
2<!-- GENERATED BY UNITY. REMOVE THIS COMMENT TO PREVENT OVERWRITING WHEN EXPORTING AGAIN -->
3<manifest xmlns:android="http://schemas.android.com/apk/res/android"
4    package="com.DefaultCompany.Composer"
5    android:installLocation="preferExternal"
6    android:versionCode="1"
7    android:versionName="0.1" >
8
9    <uses-sdk
10        android:minSdkVersion="26"
10-->src/main/AndroidManifest.xml
11        android:targetSdkVersion="29" />
11-->src/main/AndroidManifest.xml
12
13    <supports-screens
13-->src/main/AndroidManifest.xml:4:3-163
14        android:anyDensity="true"
14-->src/main/AndroidManifest.xml:4:135-160
15        android:largeScreens="true"
15-->src/main/AndroidManifest.xml:4:78-105
16        android:normalScreens="true"
16-->src/main/AndroidManifest.xml:4:49-77
17        android:smallScreens="true"
17-->src/main/AndroidManifest.xml:4:21-48
18        android:xlargeScreens="true" />
18-->src/main/AndroidManifest.xml:4:106-134
19
20    <uses-permission android:name="android.permission.BLUETOOTH" />
20-->[:unityLibrary] AndroidManifest.xml:21:5-68
20-->[:unityLibrary] AndroidManifest.xml:21:22-65
21
22    <uses-feature android:glEsVersion="0x00030000" />
22-->[:unityLibrary] AndroidManifest.xml:23:5-54
22-->[:unityLibrary] AndroidManifest.xml:23:19-51
23
24    <uses-permission android:name="android.permission.INTERNET" />
24-->[:unityLibrary] AndroidManifest.xml:25:5-67
24-->[:unityLibrary] AndroidManifest.xml:25:22-64
25    <uses-permission android:name="android.permission.VIBRATE" />
25-->[:unityLibrary] AndroidManifest.xml:26:5-66
25-->[:unityLibrary] AndroidManifest.xml:26:22-63
26    <uses-permission android:name="android.permission.WRITE_EXTERNAL_STORAGE" />
26-->[:unityLibrary] AndroidManifest.xml:27:5-81
26-->[:unityLibrary] AndroidManifest.xml:27:22-78
27
28    <uses-feature
28-->[:unityLibrary] AndroidManifest.xml:29:5-31:36
29        android:name="android.hardware.touchscreen"
29-->[:unityLibrary] AndroidManifest.xml:30:9-52
30        android:required="false" />
30-->[:unityLibrary] AndroidManifest.xml:31:9-33
31    <uses-feature
31-->[:unityLibrary] AndroidManifest.xml:32:5-34:36
32        android:name="android.hardware.touchscreen.multitouch"
32-->[:unityLibrary] AndroidManifest.xml:33:9-63
33        android:required="false" />
33-->[:unityLibrary] AndroidManifest.xml:34:9-33
34    <uses-feature
34-->[:unityLibrary] AndroidManifest.xml:35:5-37:36
35        android:name="android.hardware.touchscreen.multitouch.distinct"
35-->[:unityLibrary] AndroidManifest.xml:36:9-72
36        android:required="false" />
36-->[:unityLibrary] AndroidManifest.xml:37:9-33
37
38    <queries>
38-->[:nr_api:] AndroidManifest.xml:11:5-15:15
39        <intent>
39-->[:nr_api:] AndroidManifest.xml:12:9-14:18
40            <action android:name="ai.nreal.nrsdk.network.type.server" />
40-->[:nr_api:] AndroidManifest.xml:13:13-73
40-->[:nr_api:] AndroidManifest.xml:13:21-70
41        </intent>
42    </queries>
43
44    <uses-permission android:name="android.permission.HIGH_SAMPLING_RATE_SENSORS" />
44-->[:nr_api:] AndroidManifest.xml:17:5-85
44-->[:nr_api:] AndroidManifest.xml:17:22-82
45
46    <application
46-->src/main/AndroidManifest.xml:5:3-116
47        android:extractNativeLibs="true"
47-->src/main/AndroidManifest.xml:5:16-48
48        android:icon="@mipmap/app_icon"
48-->src/main/AndroidManifest.xml:5:82-113
49        android:label="@string/app_name"
49-->src/main/AndroidManifest.xml:5:49-81
50        android:theme="@style/UnityThemeSelector" >
50-->[:unityLibrary] AndroidManifest.xml:42:9-50
51        <activity
51-->[:unityLibrary] AndroidManifest.xml:43:9-58:20
52            android:name="com.unity3d.player.UnityPlayerActivity"
52-->[:unityLibrary] AndroidManifest.xml:44:13-66
53            android:configChanges="mcc|mnc|locale|touchscreen|keyboard|keyboardHidden|navigation|orientation|screenLayout|uiMode|screenSize|smallestScreenSize|fontScale|layoutDirection|density"
53-->[:unityLibrary] AndroidManifest.xml:45:13-194
54            android:hardwareAccelerated="false"
54-->[:unityLibrary] AndroidManifest.xml:46:13-48
55            android:launchMode="singleTask"
55-->[:unityLibrary] AndroidManifest.xml:47:13-44
56            android:screenOrientation="portrait" >
56-->[:unityLibrary] AndroidManifest.xml:48:13-49
57            <intent-filter>
57-->[:unityLibrary] AndroidManifest.xml:49:13-53:29
58                <action android:name="android.intent.action.MAIN" />
58-->[:unityLibrary] AndroidManifest.xml:50:17-69
58-->[:unityLibrary] AndroidManifest.xml:50:25-66
59
60                <category android:name="android.intent.category.LAUNCHER" />
60-->[:unityLibrary] AndroidManifest.xml:52:17-77
60-->[:unityLibrary] AndroidManifest.xml:52:27-74
61            </intent-filter>
62
63            <meta-data
63-->[:unityLibrary] AndroidManifest.xml:55:13-57:40
64                android:name="android.notch_support"
64-->[:unityLibrary] AndroidManifest.xml:56:17-53
65                android:value="true" />
65-->[:unityLibrary] AndroidManifest.xml:57:17-37
66        </activity>
67
68        <meta-data
68-->[:unityLibrary] AndroidManifest.xml:60:9-62:36
69            android:name="nreal_sdk"
69-->[:unityLibrary] AndroidManifest.xml:61:13-37
70            android:value="true" />
70-->[:unityLibrary] AndroidManifest.xml:62:13-33
71        <meta-data
71-->[:unityLibrary] AndroidManifest.xml:63:9-65:51
72            android:name="com.nreal.supportDevices"
72-->[:unityLibrary] AndroidManifest.xml:64:13-52
73            android:value="NrealLight|NrealAir" />
73-->[:unityLibrary] AndroidManifest.xml:65:13-48
74        <meta-data
74-->[:unityLibrary] AndroidManifest.xml:66:9-68:33
75            android:name="unity.splash-mode"
75-->[:unityLibrary] AndroidManifest.xml:67:13-45
76            android:value="0" />
76-->[:unityLibrary] AndroidManifest.xml:68:13-30
77        <meta-data
77-->[:unityLibrary] AndroidManifest.xml:69:9-71:36
78            android:name="unity.splash-enable"
78-->[:unityLibrary] AndroidManifest.xml:70:13-47
79            android:value="True" />
79-->[:unityLibrary] AndroidManifest.xml:71:13-33
80        <meta-data
80-->[:unityLibrary] AndroidManifest.xml:72:9-74:50
81            android:name="notch.config"
81-->[:unityLibrary] AndroidManifest.xml:73:13-40
82            android:value="portrait|landscape" />
82-->[:unityLibrary] AndroidManifest.xml:74:13-47
83        <meta-data
83-->[:unityLibrary] AndroidManifest.xml:75:9-77:68
84            android:name="unity.build-id"
84-->[:unityLibrary] AndroidManifest.xml:76:13-42
85            android:value="470a7d7e-00f8-485b-959d-39169dfdaedc" />
85-->[:unityLibrary] AndroidManifest.xml:77:13-65
86    </application>
87
88</manifest>